This is LuaHBTeX, Version 1.21.0 (MiKTeX 25.3) (format=lualatex 2025.4.7)  16 APR 2025 20:35
 restricted system commands enabled.
**menu.tex
(./menu.tex
LaTeX2e <2024-11-01> patch level 2
L3 programming layer <2025-01-18>
Lua module: luaotfload 2024-12-03 v3.29 Lua based OpenType font support
Lua module: lualibs 2023-07-13 v2.76 ConTeXt Lua standard libraries.
Lua module: lualibs-extended 2023-07-13 v2.76 ConTeXt Lua libraries -- extended 
collection.
luaotfload | conf : Root cache directory is "C:/Users/saxon/AppData/Local/MiKTeX
/luatex-cache/generic/names".
luaotfload | init : Loading fontloader "fontloader-2023-12-28.lua" from kpse-res
olved path "C:/Users/saxon/AppData/Local/Programs/MiKTeX/tex/luatex/luaotfload/f
ontloader-2023-12-28.lua".
Lua-only attribute luaotfload@noligature = 1
luaotfload | init : Context OpenType loader version 3.134
Inserting `luaotfload.node_processor' in `pre_linebreak_filter'.
Inserting `luaotfload.node_processor' in `hpack_filter'.
Inserting `luaotfload.glyph_stream' in `glyph_stream_provider'.
Inserting `luaotfload.define_font' in `define_font'.
Lua-only attribute luaotfload_color_attribute = 2
luaotfload | conf : Root cache directory is "C:/Users/saxon/AppData/Local/MiKTeX
/luatex-cache/generic/names".
Inserting `luaotfload.harf.strip_prefix' in `find_opentype_file'.
Inserting `luaotfload.harf.strip_prefix' in `find_truetype_file'.
Removing  `luaotfload.glyph_stream' from `glyph_stream_provider'.
Inserting `luaotfload.harf.glyphstream' in `glyph_stream_provider'.
Inserting `luaotfload.harf.finalize_vlist' in `post_linebreak_filter'.
Inserting `luaotfload.harf.finalize_hlist' in `hpack_filter'.
Inserting `luaotfload.cleanup_files' in `wrapup_run'.
Inserting `luaotfload.harf.finalize_unicode' in `finish_pdffile'.
Inserting `luaotfload.glyphinfo' in `glyph_info'.
Lua-only attribute luaotfload.letterspace_done = 3
Inserting `luaotfload.aux.set_sscale_dimens' in `luaotfload.patch_font'.
Inserting `luaotfload.aux.set_font_index' in `luaotfload.patch_font'.
Inserting `luaotfload.aux.patch_cambria_domh' in `luaotfload.patch_font'.
Inserting `luaotfload.aux.fixup_fontdata' in `luaotfload.patch_font_unsafe'.
Inserting `luaotfload.aux.set_capheight' in `luaotfload.patch_font'.
Inserting `luaotfload.aux.set_xheight' in `luaotfload.patch_font'.
Inserting `luaotfload.rewrite_fontname' in `luaotfload.patch_font'.
Inserting `tracingstacklevels' in `input_level_string'. (C:/Users/saxon/AppData
/Local/Programs/MiKTeX/tex/latex/base/article.cls
Document Class: article 2024/06/29 v1.4n Standard LaTeX document class
(C:/Users/saxon/AppData/Local/Programs/MiKTeX/tex/latex/base/size10.clo
File: size10.clo 2024/06/29 v1.4n Standard LaTeX file (size option)
luaotfload | db : Font names database loaded from C:/Users/saxon/AppData/Local/M
iKTeX/luatex-cache/generic/names/luaotfload-names.luc.gz)
\c@part=\count194
\c@section=\count195
\c@subsection=\count196
\c@subsubsection=\count197
\c@paragraph=\count198
\c@subparagraph=\count199
\c@figure=\count266
\c@table=\count267
\abovecaptionskip=\skip49
\belowcaptionskip=\skip50
\bibindent=\dimen140
)
(C:/Users/saxon/AppData/Local/Programs/MiKTeX/tex/latex/emptypage/emptypage.sty
Package: emptypage 2010/05/30 v1.2 Suppress page numbers and headings on empty 
pages
)
(C:/Users/saxon/AppData/Local/Programs/MiKTeX/tex/latex/ncctools/watermark.sty
Package: watermark 2004/12/09 v1.1 Watermarks (NCC)
)
(C:/Users/saxon/AppData/Local/Programs/MiKTeX/tex/latex/needspace/needspace.sty
Package: needspace 2025/03/13 v1.3e reserve vertical space
)
(C:/Users/saxon/AppData/Local/Programs/MiKTeX/tex/latex/fontawesome5/fontawesom
e5.sty
(C:/Users/saxon/AppData/Local/Programs/MiKTeX/tex/latex/l3kernel/expl3.sty
Package: expl3 2025-01-18 L3 programming layer (loader) 

(C:/Users/saxon/AppData/Local/Programs/MiKTeX/tex/latex/l3backend/l3backend-lua
tex.def
File: l3backend-luatex.def 2024-05-08 L3 backend support: PDF output (LuaTeX)
\l__color_backend_stack_int=\count268
Inserting `l3color' in `luaotfload.parse_color'.
\l__pdf_internal_box=\box52
))
Package: fontawesome5 2022/05/02 v5.15.4 Font Awesome 5

(C:/Users/saxon/AppData/Local/Programs/MiKTeX/tex/latex/l3packages/l3keys2e/l3k
eys2e.sty
Package: l3keys2e 2024-08-16 LaTeX2e option processing using LaTeX3 keys
)
(C:/Users/saxon/AppData/Local/Programs/MiKTeX/tex/latex/l3packages/xparse/xpars
e.sty
Package: xparse 2024-08-16 L3 Experimental document command parser
)
(C:/Users/saxon/AppData/Local/Programs/MiKTeX/tex/latex/fontawesome5/fontawesom
e5-utex-helper.sty
Package: fontawesome5-utex-helper 2022/05/02 v5.15.4 uTeX helper for fontawesom
e5

(C:/Users/saxon/AppData/Local/Programs/MiKTeX/tex/luatex/luatexbase/luatexbase.
sty
Package: luatexbase 2015/10/04 v1.3 luatexbase interface to LuaTeX 

(C:/Users/saxon/AppData/Local/Programs/MiKTeX/tex/luatex/ctablestack/ctablestac
k.sty
Package: ctablestack 2015/10/01 v1.0 Catcode table stable support
\@catcodetablestackcnt=\count269
)
\CatcodeTableOther=\catcodetable14
\CatcodeTableExpl=\catcodetable15
)
LaTeX Font Info:    Trying to load font information for TU+fontawesomefree on i
nput line 69.

(C:/Users/saxon/AppData/Local/Programs/MiKTeX/tex/latex/fontawesome5/tufontawes
omefree.fd)
LaTeX Font Info:    Trying to load font information for TU+fontawesomebrands on
 input line 70.

(C:/Users/saxon/AppData/Local/Programs/MiKTeX/tex/latex/fontawesome5/tufontawes
omebrands.fd)))
(C:/Users/saxon/AppData/Local/Programs/MiKTeX/tex/latex/base/inputenc.sty
Package: inputenc 2024/02/08 v1.3d Input encoding file
\inpenc@prehook=\toks17
\inpenc@posthook=\toks18


Package inputenc Warning: inputenc package ignored with utf8 based engines.

) (C:/Users/saxon/AppData/Local/Programs/MiKTeX/tex/latex/base/fontenc.sty
Package: fontenc 2021/04/29 v2.0v Standard LaTeX package
LaTeX Font Info:    Trying to load font information for T1+lmr on input line 11
6.

(C:/Users/saxon/AppData/Local/Programs/MiKTeX/tex/latex/lm/t1lmr.fd
File: t1lmr.fd 2015/05/01 v1.6.1 Font defs for Latin Modern
))
(C:/Users/saxon/AppData/Local/Programs/MiKTeX/tex/latex/lm/lmodern.sty
Package: lmodern 2015/05/01 v1.6.1 Latin Modern Fonts
LaTeX Font Info:    Overwriting symbol font `operators' in version `normal'
(Font)                  OT1/cmr/m/n --> OT1/lmr/m/n on input line 22.
LaTeX Font Info:    Overwriting symbol font `letters' in version `normal'
(Font)                  OML/cmm/m/it --> OML/lmm/m/it on input line 23.
LaTeX Font Info:    Overwriting symbol font `symbols' in version `normal'
(Font)                  OMS/cmsy/m/n --> OMS/lmsy/m/n on input line 24.
LaTeX Font Info:    Overwriting symbol font `largesymbols' in version `normal'
(Font)                  OMX/cmex/m/n --> OMX/lmex/m/n on input line 25.
LaTeX Font Info:    Overwriting symbol font `operators' in version `bold'
(Font)                  OT1/cmr/bx/n --> OT1/lmr/bx/n on input line 26.
LaTeX Font Info:    Overwriting symbol font `letters' in version `bold'
(Font)                  OML/cmm/b/it --> OML/lmm/b/it on input line 27.
LaTeX Font Info:    Overwriting symbol font `symbols' in version `bold'
(Font)                  OMS/cmsy/b/n --> OMS/lmsy/b/n on input line 28.
LaTeX Font Info:    Overwriting symbol font `largesymbols' in version `bold'
(Font)                  OMX/cmex/m/n --> OMX/lmex/m/n on input line 29.
LaTeX Font Info:    Overwriting math alphabet `\mathbf' in version `normal'
(Font)                  OT1/cmr/bx/n --> OT1/lmr/bx/n on input line 31.
LaTeX Font Info:    Overwriting math alphabet `\mathsf' in version `normal'
(Font)                  OT1/cmss/m/n --> OT1/lmss/m/n on input line 32.
LaTeX Font Info:    Overwriting math alphabet `\mathit' in version `normal'
(Font)                  OT1/cmr/m/it --> OT1/lmr/m/it on input line 33.
LaTeX Font Info:    Overwriting math alphabet `\mathtt' in version `normal'
(Font)                  OT1/cmtt/m/n --> OT1/lmtt/m/n on input line 34.
LaTeX Font Info:    Overwriting math alphabet `\mathbf' in version `bold'
(Font)                  OT1/cmr/bx/n --> OT1/lmr/bx/n on input line 35.
LaTeX Font Info:    Overwriting math alphabet `\mathsf' in version `bold'
(Font)                  OT1/cmss/bx/n --> OT1/lmss/bx/n on input line 36.
LaTeX Font Info:    Overwriting math alphabet `\mathit' in version `bold'
(Font)                  OT1/cmr/bx/it --> OT1/lmr/bx/it on input line 37.
LaTeX Font Info:    Overwriting math alphabet `\mathtt' in version `bold'
(Font)                  OT1/cmtt/m/n --> OT1/lmtt/m/n on input line 38.
)
(C:/Users/saxon/AppData/Local/Programs/MiKTeX/tex/generic/babel/babel.sty
Package: babel 2025/03/27 v25.6 The multilingual framework for pdfLaTeX, LuaLaT
eX and XeLaTeX

(C:/Users/saxon/AppData/Local/Programs/MiKTeX/tex/generic/babel/luababel.def
\bbl@readstream=\read2
\l@afrikaans=\language2
Package babel Info: Non-standard hyphenation setup on input line 118.
\l@ancientgreek=\language3
\l@armenian=\language4
\l@assamese=\language5
\l@basque=\language6
\l@belarusian=\language7
\l@bengali=\language8
\l@bokmal=\language9
\l@bulgarian=\language10
\l@catalan=\language11
\l@churchslavonic=\language12
\l@classiclatin=\language13
\l@coptic=\language14
\l@croatian=\language15
\l@czech=\language16
\l@danish=\language17
\l@dutch=\language18
\l@esperanto=\language19
\l@estonian=\language20
\l@ethiopic=\language21
\l@finnish=\language22
\l@french=\language23
\l@friulan=\language24
\l@galician=\language25
\l@georgian=\language26
\l@german=\language27
\l@greek=\language28
\l@gujarati=\language29
\l@hindi=\language30
\l@hungarian=\language31
\l@icelandic=\language32
\l@indonesian=\language33
\l@interlingua=\language34
\l@irish=\language35
\l@italian=\language36
\l@kannada=\language37
\l@kurmanji=\language38
\l@latin=\language39
\l@latvian=\language40
\l@lithuanian=\language41
\l@liturgicallatin=\language42
\l@macedonian=\language43
\l@malayalam=\language44
\l@marathi=\language45
\l@mongolian=\language46
\l@mongolianlmc=\language47
\l@monogreek=\language48
\l@ngerman=\language49
\l@nynorsk=\language50
\l@occitan=\language51
\l@oriya=\language52
\l@pali=\language53
\l@panjabi=\language54
\l@piedmontese=\language55
\l@polish=\language56
\l@portuguese=\language57
\l@romanian=\language58
\l@romansh=\language59
\l@russian=\language60
\l@sanskrit=\language61
\l@serbian=\language62
\l@serbianc=\language63
\l@slovak=\language64
\l@slovenian=\language65
\l@spanish=\language66
\l@swedish=\language67
\l@swissgerman=\language68
\l@tamil=\language69
\l@telugu=\language70
\l@thai=\language71
\l@turkish=\language72
\l@turkmen=\language73
\l@ukenglish=\language74
\l@ukrainian=\language75
\l@uppersorbian=\language76
\l@usenglishmax=\language77
\l@welsh=\language78
\babelcatcodetablenum=\catcodetable16
\bbl@pattcodes=\catcodetable17
)
\babel@savecnt=\count270
\U@D=\dimen141
\l@unhyphenated=\language79

(C:/Users/saxon/AppData/Local/Programs/MiKTeX/tex/generic/babel/luababel.def
\bbl@attr@locale=\attribute4
)
*************************************
* Local config file bblopts.cfg used
*
(C:/Users/saxon/AppData/Local/Programs/MiKTeX/tex/latex/arabi/bblopts.cfg
File: bblopts.cfg 2005/09/08 v0.1 add Arabic and Farsi to "declared" options of
 babel
)
(C:/Users/saxon/AppData/Local/Programs/MiKTeX/tex/latex/babel-english/english.l
df
Language: english 2017/06/06 v3.3r English support from the babel system
Package babel Info: Hyphen rules for 'canadian' set to \l@english
(babel)             (\language0). Reported on input line 102.
Package babel Info: Hyphen rules for 'australian' set to \l@ukenglish
(babel)             (\language74). Reported on input line 105.
Package babel Info: Hyphen rules for 'newzealand' set to \l@ukenglish
(babel)             (\language74). Reported on input line 108.
))
(C:/Users/saxon/AppData/Local/Programs/MiKTeX/tex/generic/babel/locale/en/babel
-english.tex
Package babel Info: Importing font and identification data for english
(babel)             from babel-en.ini. Reported on input line 11.
)
(C:/Users/saxon/AppData/Local/Programs/MiKTeX/tex/latex/csquotes/csquotes.sty
Package: csquotes 2024-04-04 v5.2o context-sensitive quotations (JAW)

(C:/Users/saxon/AppData/Local/Programs/MiKTeX/tex/latex/etoolbox/etoolbox.sty
Package: etoolbox 2025/02/11 v2.5l e-TeX tools for LaTeX (JAW)
\etb@tempcnta=\count271
)
(C:/Users/saxon/AppData/Local/Programs/MiKTeX/tex/latex/graphics/keyval.sty
Package: keyval 2022/05/29 v1.15 key=value parser (DPC)
\KV@toks@=\toks19
)
\csq@reset=\count272
\csq@gtype=\count273
\csq@glevel=\count274
\csq@qlevel=\count275
\csq@maxlvl=\count276
\csq@tshold=\count277
\csq@ltx@everypar=\toks20

(C:/Users/saxon/AppData/Local/Programs/MiKTeX/tex/latex/csquotes/csquotes.def
File: csquotes.def 2024-04-04 v5.2o csquotes generic definitions (JAW)
)
Package csquotes Info: Trying to load configuration file 'csquotes.cfg'...
Package csquotes Info: ... configuration file loaded successfully.

(C:/Users/saxon/AppData/Local/Programs/MiKTeX/tex/latex/csquotes/csquotes.cfg
File: csquotes.cfg 
))
Package csquotes Info: Allocating character ".
(C:/Users/saxon/AppData/Local/Programs/MiKTeX/tex/latex/geometry/geometry.sty
Package: geometry 2020/01/02 v5.9 Page Geometry

(C:/Users/saxon/AppData/Local/Programs/MiKTeX/tex/generic/iftex/ifvtex.sty
Package: ifvtex 2019/10/25 v1.7 ifvtex legacy package. Use iftex instead.

(C:/Users/saxon/AppData/Local/Programs/MiKTeX/tex/generic/iftex/iftex.sty
Package: iftex 2024/12/12 v1.0g TeX engine tests
))
\Gm@cnth=\count278
\Gm@cntv=\count279
\c@Gm@tempcnt=\count280
\Gm@bindingoffset=\dimen142
\Gm@wd@mp=\dimen143
\Gm@odd@mp=\dimen144
\Gm@even@mp=\dimen145
\Gm@layoutwidth=\dimen146
\Gm@layoutheight=\dimen147
\Gm@layouthoffset=\dimen148
\Gm@layoutvoffset=\dimen149
\Gm@dimlist=\toks21

(C:/Users/saxon/AppData/Local/Programs/MiKTeX/tex/latex/geometry/geometry.cfg)) (C:/Users/saxon/AppData/Local/Programs/MiKTeX/tex/latex/tools/array.sty
Package: array 2024/10/17 v2.6g Tabular extension package (FMi)
\col@sep=\dimen150
\ar@mcellbox=\box53
\extrarowheight=\dimen151
\NC@list=\toks22
\extratabsurround=\skip51
\backup@length=\skip52
\ar@cellbox=\box54
)
(C:/Users/saxon/AppData/Local/Programs/MiKTeX/tex/latex/makecell/makecell.sty
Package: makecell 2009/08/03 V0.1e Managing of Tab Column Heads and Cells
\rotheadsize=\dimen152
\c@nlinenum=\count281
\TeXr@lab=\toks23
)
(C:/Users/saxon/AppData/Local/Programs/MiKTeX/tex/latex/qrcode/qrcode.sty
Package: qrcode 2015/01/08 v1.51 QR code generation

(C:/Users/saxon/AppData/Local/Programs/MiKTeX/tex/latex/xcolor/xcolor.sty
Package: xcolor 2024/09/29 v3.02 LaTeX color extensions (UK)

(C:/Users/saxon/AppData/Local/Programs/MiKTeX/tex/latex/graphics-cfg/color.cfg
File: color.cfg 2016/01/02 v1.6 sample color configuration
)
Package xcolor Info: Driver file: luatex.def on input line 274.

(C:/Users/saxon/AppData/Local/Programs/MiKTeX/tex/latex/graphics-def/luatex.def
File: luatex.def 2024/04/13 v1.2e Graphics/color driver for luatex
)
(C:/Users/saxon/AppData/Local/Programs/MiKTeX/tex/latex/graphics/mathcolor.ltx)
Package xcolor Info: Model `cmy' substituted by `cmy0' on input line 1349.
Package xcolor Info: Model `hsb' substituted by `rgb' on input line 1353.
Package xcolor Info: Model `RGB' extended on input line 1365.
Package xcolor Info: Model `HTML' substituted by `rgb' on input line 1367.
Package xcolor Info: Model `Hsb' substituted by `hsb' on input line 1368.
Package xcolor Info: Model `tHsb' substituted by `hsb' on input line 1369.
Package xcolor Info: Model `HSB' substituted by `hsb' on input line 1370.
Package xcolor Info: Model `Gray' substituted by `gray' on input line 1371.
Package xcolor Info: Model `wave' substituted by `hsb' on input line 1372.
) (C:/Users/saxon/AppData/Local/Programs/MiKTeX/tex/latex/xkeyval/xkeyval.sty
Package: xkeyval 2022/06/16 v2.9 package option processing (HA)

(C:/Users/saxon/AppData/Local/Programs/MiKTeX/tex/generic/xkeyval/xkeyval.tex
(C:/Users/saxon/AppData/Local/Programs/MiKTeX/tex/generic/xkeyval/xkvutils.tex
\XKV@toks=\toks24
\XKV@tempa@toks=\toks25
)
\XKV@depth=\count282
File: xkeyval.tex 2014/12/03 v2.7a key=value parser (HA)
))
\c@qr@i=\count283
\c@qr@j=\count284
\qr@a=\count285
\qr@b=\count286
\qr@c=\count287
\qr@for@depth=\count288
\qr@for@maxdepth=\count289
\qr@for@start=\count290
\qr@for@end=\count291
\qr@for@step=\count292
\qr@newforcount=\count293
\qr@newforcount=\count294
\qr@desiredheight=\skip53
\qr@modulesize=\skip54
\qr@minipagewidth=\skip55
\c@maski=\count295
\c@maskj=\count296
\c@totalones=\count297
\c@penaltyi=\count298
\c@penaltyii=\count299
\c@penaltyiii=\count300
\c@penaltyiv=\count301
\c@qr@hexchars=\count302
\qr@newforcount=\count303
\c@qr@divisionsremaining=\count304
)
(C:/Users/saxon/AppData/Local/Programs/MiKTeX/tex/latex/hyperref/hyperref.sty
Package: hyperref 2024-11-05 v7.01l Hypertext links for LaTeX

(C:/Users/saxon/AppData/Local/Programs/MiKTeX/tex/latex/kvsetkeys/kvsetkeys.sty
Package: kvsetkeys 2022-10-05 v1.19 Key value parser (HO)
)
(C:/Users/saxon/AppData/Local/Programs/MiKTeX/tex/generic/kvdefinekeys/kvdefine
keys.sty
Package: kvdefinekeys 2019-12-19 v1.6 Define keys (HO)
)
(C:/Users/saxon/AppData/Local/Programs/MiKTeX/tex/generic/pdfescape/pdfescape.s
ty
Package: pdfescape 2019/12/09 v1.15 Implements pdfTeX's escape features (HO)

(C:/Users/saxon/AppData/Local/Programs/MiKTeX/tex/generic/ltxcmds/ltxcmds.sty
Package: ltxcmds 2023-12-04 v1.26 LaTeX kernel commands for general use (HO)
)
(C:/Users/saxon/AppData/Local/Programs/MiKTeX/tex/generic/pdftexcmds/pdftexcmds
.sty
Package: pdftexcmds 2020-06-27 v0.33 Utility functions of pdfTeX for LuaTeX (HO
)

(C:/Users/saxon/AppData/Local/Programs/MiKTeX/tex/generic/infwarerr/infwarerr.s
ty
Package: infwarerr 2019/12/03 v1.5 Providing info/warning/error messages (HO)
)
Package pdftexcmds Info: \pdf@primitive is available.
Package pdftexcmds Info: \pdf@ifprimitive is available.
Package pdftexcmds Info: \pdfdraftmode found.
\pdftexcmds@toks=\toks26
))
(C:/Users/saxon/AppData/Local/Programs/MiKTeX/tex/latex/hycolor/hycolor.sty
Package: hycolor 2020-01-27 v1.10 Color options for hyperref/bookmark (HO)
)
(C:/Users/saxon/AppData/Local/Programs/MiKTeX/tex/latex/hyperref/nameref.sty
Package: nameref 2023-11-26 v2.56 Cross-referencing by name of section

(C:/Users/saxon/AppData/Local/Programs/MiKTeX/tex/latex/refcount/refcount.sty
Package: refcount 2019/12/15 v3.6 Data extraction from label references (HO)
)
(C:/Users/saxon/AppData/Local/Programs/MiKTeX/tex/generic/gettitlestring/gettit
lestring.sty
Package: gettitlestring 2019/12/15 v1.6 Cleanup title references (HO)

(C:/Users/saxon/AppData/Local/Programs/MiKTeX/tex/latex/kvoptions/kvoptions.sty
Package: kvoptions 2022-06-15 v3.15 Key value format for package options (HO)
))
\c@section@level=\count305
)
(C:/Users/saxon/AppData/Local/Programs/MiKTeX/tex/generic/stringenc/stringenc.s
ty
Package: stringenc 2019/11/29 v1.12 Convert strings between diff. encodings (HO
)
)
\@linkdim=\dimen153
\Hy@linkcounter=\count306
\Hy@pagecounter=\count307
 (C:/Users/saxon/AppData/Local/Programs/MiKTeX/tex/latex/hyperref/pd1enc.def
File: pd1enc.def 2024-11-05 v7.01l Hyperref: PDFDocEncoding definition (HO)
) (C:/Users/saxon/AppData/Local/Programs/MiKTeX/tex/generic/intcalc/intcalc.sty
Package: intcalc 2019/12/15 v1.3 Expandable calculations with integers (HO)
)
\Hy@SavedSpaceFactor=\count308
 (C:/Users/saxon/AppData/Local/Programs/MiKTeX/tex/latex/hyperref/puenc.def
File: puenc.def 2024-11-05 v7.01l Hyperref: PDF Unicode definition (HO)
)
Package hyperref Info: Option `draft' set `true' on input line 4040.
Package hyperref Info: Hyper figures OFF on input line 4157.
Package hyperref Info: Link nesting OFF on input line 4162.
Package hyperref Info: Hyper index ON on input line 4165.
Package hyperref Info: Plain pages OFF on input line 4172.
Package hyperref Info: Backreferencing OFF on input line 4177.
Package hyperref Info: Implicit mode ON; LaTeX internals redefined.
Package hyperref Info: Bookmarks ON on input line 4424.
\c@Hy@tempcnt=\count309

(C:/Users/saxon/AppData/Local/Programs/MiKTeX/tex/latex/url/url.sty
\Urlmuskip=\muskip17
Package: url 2013/09/16  ver 3.4  Verb mode for urls, etc.
)
LaTeX Info: Redefining \url on input line 4763.
\XeTeXLinkMargin=\dimen154

(C:/Users/saxon/AppData/Local/Programs/MiKTeX/tex/generic/bitset/bitset.sty
Package: bitset 2019/12/09 v1.3 Handle bit-vector datatype (HO)

(C:/Users/saxon/AppData/Local/Programs/MiKTeX/tex/generic/bigintcalc/bigintcalc
.sty
Package: bigintcalc 2019/12/15 v1.5 Expandable calculations on big integers (HO
)
))
\Fld@menulength=\count310
\Field@Width=\dimen155
\Fld@charsize=\dimen156
Package hyperref Info: Hyper figures OFF on input line 6042.
Package hyperref Info: Link nesting OFF on input line 6047.
Package hyperref Info: Hyper index ON on input line 6050.
Package hyperref Info: backreferencing OFF on input line 6057.
Package hyperref Info: Link coloring OFF on input line 6062.
Package hyperref Info: Link coloring with OCG OFF on input line 6067.
Package hyperref Info: PDF/A mode OFF on input line 6072.

(C:/Users/saxon/AppData/Local/Programs/MiKTeX/tex/latex/base/atbegshi-ltx.sty
Package: atbegshi-ltx 2021/01/10 v1.0c Emulation of the original atbegshi
package with kernel methods
)
\Hy@abspage=\count311
\c@Item=\count312
\c@Hfootnote=\count313
)
Package hyperref Info: Driver (autodetected): hluatex.
(C:/Users/saxon/AppData/Local/Programs/MiKTeX/tex/latex/hyperref/hluatex.def
File: hluatex.def 2024-11-05 v7.01l Hyperref driver for luaTeX

(C:/Users/saxon/AppData/Local/Programs/MiKTeX/tex/latex/base/atveryend-ltx.sty
Package: atveryend-ltx 2020/08/19 v1.0a Emulation of the original atveryend pac
kage
with kernel methods
)
\Fld@listcount=\count314
\c@bookmark@seq@number=\count315

(C:/Users/saxon/AppData/Local/Programs/MiKTeX/tex/latex/rerunfilecheck/rerunfil
echeck.sty
Package: rerunfilecheck 2022-07-10 v1.10 Rerun checks for auxiliary files (HO)

(C:/Users/saxon/AppData/Local/Programs/MiKTeX/tex/generic/uniquecounter/uniquec
ounter.sty
Package: uniquecounter 2019/12/15 v1.4 Provide unlimited unique counter (HO)
)
Package uniquecounter Info: New unique counter `rerunfilecheck' on input line 2
85.
)
\Hy@SectionHShift=\skip56
)
Package hyperref Info: Option `colorlinks' set `true' on input line 38.

(C:/Users/saxon/AppData/Local/Programs/MiKTeX/tex/latex/pgf/utilities/pgfpages.
sty
Package: pgfpages 2011/01/05 ver 0.02

(C:/Users/saxon/AppData/Local/Programs/MiKTeX/tex/latex/pgf/basiclayer/pgfcore.
sty
(C:/Users/saxon/AppData/Local/Programs/MiKTeX/tex/latex/graphics/graphicx.sty
Package: graphicx 2021/09/16 v1.2d Enhanced LaTeX Graphics (DPC,SPQR)

(C:/Users/saxon/AppData/Local/Programs/MiKTeX/tex/latex/graphics/graphics.sty
Package: graphics 2024/08/06 v1.4g Standard LaTeX Graphics (DPC,SPQR)

(C:/Users/saxon/AppData/Local/Programs/MiKTeX/tex/latex/graphics/trig.sty
Package: trig 2023/12/02 v1.11 sin cos tan (DPC)
)
(C:/Users/saxon/AppData/Local/Programs/MiKTeX/tex/latex/graphics-cfg/graphics.c
fg
File: graphics.cfg 2016/06/04 v1.11 sample graphics configuration
)
Package graphics Info: Driver file: luatex.def on input line 106.
)
\Gin@req@height=\dimen157
\Gin@req@width=\dimen158
)
(C:/Users/saxon/AppData/Local/Programs/MiKTeX/tex/latex/pgf/systemlayer/pgfsys.
sty
(C:/Users/saxon/AppData/Local/Programs/MiKTeX/tex/latex/pgf/utilities/pgfrcs.st
y
(C:/Users/saxon/AppData/Local/Programs/MiKTeX/tex/generic/pgf/utilities/pgfutil
-common.tex
\pgfutil@everybye=\toks27
\pgfutil@tempdima=\dimen159
\pgfutil@tempdimb=\dimen160
)
(C:/Users/saxon/AppData/Local/Programs/MiKTeX/tex/generic/pgf/utilities/pgfutil
-latex.def
\pgfutil@abb=\box55
)
(C:/Users/saxon/AppData/Local/Programs/MiKTeX/tex/generic/pgf/utilities/pgfrcs.
code.tex
(C:/Users/saxon/AppData/Local/Programs/MiKTeX/tex/generic/pgf/pgf.revision.tex)
Package: pgfrcs 2023-01-15 v3.1.10 (3.1.10)
))
(C:/Users/saxon/AppData/Local/Programs/MiKTeX/tex/generic/pgf/systemlayer/pgfsy
s.code.tex
Package: pgfsys 2023-01-15 v3.1.10 (3.1.10)

(C:/Users/saxon/AppData/Local/Programs/MiKTeX/tex/generic/pgf/utilities/pgfkeys
.code.tex
\pgfkeys@pathtoks=\toks28
\pgfkeys@temptoks=\toks29

(C:/Users/saxon/AppData/Local/Programs/MiKTeX/tex/generic/pgf/utilities/pgfkeys
libraryfiltered.code.tex
\pgfkeys@tmptoks=\toks30
))
\pgf@x=\dimen161
\pgf@y=\dimen162
\pgf@xa=\dimen163
\pgf@ya=\dimen164
\pgf@xb=\dimen165
\pgf@yb=\dimen166
\pgf@xc=\dimen167
\pgf@yc=\dimen168
\pgf@xd=\dimen169
\pgf@yd=\dimen170
\w@pgf@writea=\write3
\r@pgf@reada=\read3
\c@pgf@counta=\count316
\c@pgf@countb=\count317
\c@pgf@countc=\count318
\c@pgf@countd=\count319
\t@pgf@toka=\toks31
\t@pgf@tokb=\toks32
\t@pgf@tokc=\toks33
\pgf@sys@id@count=\count320

(C:/Users/saxon/AppData/Local/Programs/MiKTeX/tex/generic/pgf/systemlayer/pgf.c
fg
File: pgf.cfg 2023-01-15 v3.1.10 (3.1.10)
)
Driver file for pgf: pgfsys-luatex.def

(C:/Users/saxon/AppData/Local/Programs/MiKTeX/tex/generic/pgf/systemlayer/pgfsy
s-luatex.def
File: pgfsys-luatex.def 2023-01-15 v3.1.10 (3.1.10)

(C:/Users/saxon/AppData/Local/Programs/MiKTeX/tex/generic/pgf/systemlayer/pgfsy
s-common-pdf.def
File: pgfsys-common-pdf.def 2023-01-15 v3.1.10 (3.1.10)
)))
(C:/Users/saxon/AppData/Local/Programs/MiKTeX/tex/generic/pgf/systemlayer/pgfsy
ssoftpath.code.tex
File: pgfsyssoftpath.code.tex 2023-01-15 v3.1.10 (3.1.10)
\pgfsyssoftpath@smallbuffer@items=\count321
\pgfsyssoftpath@bigbuffer@items=\count322
)
(C:/Users/saxon/AppData/Local/Programs/MiKTeX/tex/generic/pgf/systemlayer/pgfsy
sprotocol.code.tex
File: pgfsysprotocol.code.tex 2023-01-15 v3.1.10 (3.1.10)
))
(C:/Users/saxon/AppData/Local/Programs/MiKTeX/tex/generic/pgf/basiclayer/pgfcor
e.code.tex
Package: pgfcore 2023-01-15 v3.1.10 (3.1.10)

(C:/Users/saxon/AppData/Local/Programs/MiKTeX/tex/generic/pgf/math/pgfmath.code
.tex
(C:/Users/saxon/AppData/Local/Programs/MiKTeX/tex/generic/pgf/math/pgfmathutil.
code.tex)
(C:/Users/saxon/AppData/Local/Programs/MiKTeX/tex/generic/pgf/math/pgfmathparse
r.code.tex
\pgfmath@dimen=\dimen171
\pgfmath@count=\count323
\pgfmath@box=\box56
\pgfmath@toks=\toks34
\pgfmath@stack@operand=\toks35
\pgfmath@stack@operation=\toks36
)
(C:/Users/saxon/AppData/Local/Programs/MiKTeX/tex/generic/pgf/math/pgfmathfunct
ions.code.tex)
(C:/Users/saxon/AppData/Local/Programs/MiKTeX/tex/generic/pgf/math/pgfmathfunct
ions.basic.code.tex)
(C:/Users/saxon/AppData/Local/Programs/MiKTeX/tex/generic/pgf/math/pgfmathfunct
ions.trigonometric.code.tex)
(C:/Users/saxon/AppData/Local/Programs/MiKTeX/tex/generic/pgf/math/pgfmathfunct
ions.random.code.tex)
(C:/Users/saxon/AppData/Local/Programs/MiKTeX/tex/generic/pgf/math/pgfmathfunct
ions.comparison.code.tex)
(C:/Users/saxon/AppData/Local/Programs/MiKTeX/tex/generic/pgf/math/pgfmathfunct
ions.base.code.tex)
(C:/Users/saxon/AppData/Local/Programs/MiKTeX/tex/generic/pgf/math/pgfmathfunct
ions.round.code.tex)
(C:/Users/saxon/AppData/Local/Programs/MiKTeX/tex/generic/pgf/math/pgfmathfunct
ions.misc.code.tex)
(C:/Users/saxon/AppData/Local/Programs/MiKTeX/tex/generic/pgf/math/pgfmathfunct
ions.integerarithmetics.code.tex)
(C:/Users/saxon/AppData/Local/Programs/MiKTeX/tex/generic/pgf/math/pgfmathcalc.
code.tex)
(C:/Users/saxon/AppData/Local/Programs/MiKTeX/tex/generic/pgf/math/pgfmathfloat
.code.tex
\c@pgfmathroundto@lastzeros=\count324
))
(C:/Users/saxon/AppData/Local/Programs/MiKTeX/tex/generic/pgf/math/pgfint.code.
tex)
(C:/Users/saxon/AppData/Local/Programs/MiKTeX/tex/generic/pgf/basiclayer/pgfcor
epoints.code.tex
File: pgfcorepoints.code.tex 2023-01-15 v3.1.10 (3.1.10)
\pgf@picminx=\dimen172
\pgf@picmaxx=\dimen173
\pgf@picminy=\dimen174
\pgf@picmaxy=\dimen175
\pgf@pathminx=\dimen176
\pgf@pathmaxx=\dimen177
\pgf@pathminy=\dimen178
\pgf@pathmaxy=\dimen179
\pgf@xx=\dimen180
\pgf@xy=\dimen181
\pgf@yx=\dimen182
\pgf@yy=\dimen183
\pgf@zx=\dimen184
\pgf@zy=\dimen185
)
(C:/Users/saxon/AppData/Local/Programs/MiKTeX/tex/generic/pgf/basiclayer/pgfcor
epathconstruct.code.tex
File: pgfcorepathconstruct.code.tex 2023-01-15 v3.1.10 (3.1.10)
\pgf@path@lastx=\dimen186
\pgf@path@lasty=\dimen187
)
(C:/Users/saxon/AppData/Local/Programs/MiKTeX/tex/generic/pgf/basiclayer/pgfcor
epathusage.code.tex
File: pgfcorepathusage.code.tex 2023-01-15 v3.1.10 (3.1.10)
\pgf@shorten@end@additional=\dimen188
\pgf@shorten@start@additional=\dimen189
)
(C:/Users/saxon/AppData/Local/Programs/MiKTeX/tex/generic/pgf/basiclayer/pgfcor
escopes.code.tex
File: pgfcorescopes.code.tex 2023-01-15 v3.1.10 (3.1.10)
\pgfpic=\box57
\pgf@hbox=\box58
\pgf@layerbox@main=\box59
\pgf@picture@serial@count=\count325
)
(C:/Users/saxon/AppData/Local/Programs/MiKTeX/tex/generic/pgf/basiclayer/pgfcor
egraphicstate.code.tex
File: pgfcoregraphicstate.code.tex 2023-01-15 v3.1.10 (3.1.10)
\pgflinewidth=\dimen190
)
(C:/Users/saxon/AppData/Local/Programs/MiKTeX/tex/generic/pgf/basiclayer/pgfcor
etransformations.code.tex
File: pgfcoretransformations.code.tex 2023-01-15 v3.1.10 (3.1.10)
\pgf@pt@x=\dimen191
\pgf@pt@y=\dimen192
\pgf@pt@temp=\dimen193
)
(C:/Users/saxon/AppData/Local/Programs/MiKTeX/tex/generic/pgf/basiclayer/pgfcor
equick.code.tex
File: pgfcorequick.code.tex 2023-01-15 v3.1.10 (3.1.10)
)
(C:/Users/saxon/AppData/Local/Programs/MiKTeX/tex/generic/pgf/basiclayer/pgfcor
eobjects.code.tex
File: pgfcoreobjects.code.tex 2023-01-15 v3.1.10 (3.1.10)
)
(C:/Users/saxon/AppData/Local/Programs/MiKTeX/tex/generic/pgf/basiclayer/pgfcor
epathprocessing.code.tex
File: pgfcorepathprocessing.code.tex 2023-01-15 v3.1.10 (3.1.10)
)
(C:/Users/saxon/AppData/Local/Programs/MiKTeX/tex/generic/pgf/basiclayer/pgfcor
earrows.code.tex
File: pgfcorearrows.code.tex 2023-01-15 v3.1.10 (3.1.10)
\pgfarrowsep=\dimen194
)
(C:/Users/saxon/AppData/Local/Programs/MiKTeX/tex/generic/pgf/basiclayer/pgfcor
eshade.code.tex
File: pgfcoreshade.code.tex 2023-01-15 v3.1.10 (3.1.10)
\pgf@max=\dimen195
\pgf@sys@shading@range@num=\count326
\pgf@shadingcount=\count327
)
(C:/Users/saxon/AppData/Local/Programs/MiKTeX/tex/generic/pgf/basiclayer/pgfcor
eimage.code.tex
File: pgfcoreimage.code.tex 2023-01-15 v3.1.10 (3.1.10)
)
(C:/Users/saxon/AppData/Local/Programs/MiKTeX/tex/generic/pgf/basiclayer/pgfcor
eexternal.code.tex
File: pgfcoreexternal.code.tex 2023-01-15 v3.1.10 (3.1.10)
\pgfexternal@startupbox=\box60
)
(C:/Users/saxon/AppData/Local/Programs/MiKTeX/tex/generic/pgf/basiclayer/pgfcor
elayers.code.tex
File: pgfcorelayers.code.tex 2023-01-15 v3.1.10 (3.1.10)
)
(C:/Users/saxon/AppData/Local/Programs/MiKTeX/tex/generic/pgf/basiclayer/pgfcor
etransparency.code.tex
File: pgfcoretransparency.code.tex 2023-01-15 v3.1.10 (3.1.10)
)
(C:/Users/saxon/AppData/Local/Programs/MiKTeX/tex/generic/pgf/basiclayer/pgfcor
epatterns.code.tex
File: pgfcorepatterns.code.tex 2023-01-15 v3.1.10 (3.1.10)
)
(C:/Users/saxon/AppData/Local/Programs/MiKTeX/tex/generic/pgf/basiclayer/pgfcor
erdf.code.tex
File: pgfcorerdf.code.tex 2023-01-15 v3.1.10 (3.1.10)
)))
(C:/Users/saxon/AppData/Local/Programs/MiKTeX/tex/latex/tools/calc.sty
Package: calc 2023/07/08 v4.3 Infix arithmetic (KKT,FJ)
\calc@Acount=\count328
\calc@Bcount=\count329
\calc@Adimen=\dimen196
\calc@Bdimen=\dimen197
\calc@Askip=\skip57
\calc@Bskip=\skip58
LaTeX Info: Redefining \setlength on input line 80.
LaTeX Info: Redefining \addtolength on input line 81.
\calc@Ccount=\count330
\calc@Cskip=\skip59
)
\pgf@logicalpages=\count331
\pgf@firstshipout=\count332
\pgf@lastshipout=\count333
\pgf@currentshipout=\count334
\pgf@cpn=\count335
\pgf@shipoutnextto=\count336
\pgfphysicalheight=\dimen198
\pgfphysicalwidth=\dimen199
\pgfpages@shipoutbox=\box61
)
(C:/Users/saxon/AppData/Local/Programs/MiKTeX/tex/latex/fancyhdr/fancyhdr.sty
Package: fancyhdr 2025/02/07 v5.2 Extensive control of page headers and footers

\f@nch@headwidth=\skip60
\f@nch@offset@elh=\skip61
\f@nch@offset@erh=\skip62
\f@nch@offset@olh=\skip63
\f@nch@offset@orh=\skip64
\f@nch@offset@elf=\skip65
\f@nch@offset@erf=\skip66
\f@nch@offset@olf=\skip67
\f@nch@offset@orf=\skip68
\f@nch@height=\skip69
\f@nch@footalignment=\skip70
\f@nch@widthL=\skip71
\f@nch@widthC=\skip72
\f@nch@widthR=\skip73
\@temptokenb=\toks37
)
(C:/Users/saxon/AppData/Local/Programs/MiKTeX/tex/latex/datetime2/datetime2.sty
Package: datetime2 2021/03/21 v1.5.7 (NLCT) date and time formats

(C:/Users/saxon/AppData/Local/Programs/MiKTeX/tex/latex/tracklang/tracklang.sty
Package: tracklang 2025/03/11 v1.6.6 (NLCT) Track Languages

(C:/Users/saxon/AppData/Local/Programs/MiKTeX/tex/generic/tracklang/tracklang.t
ex)
Package tracklang Info: Tracking dialect `english' (language `english') on inpu
t line 264.
Package tracklang Info: Tracking dialect `english' (language `english') on inpu
t line 264.
)
(C:/Users/saxon/AppData/Local/Programs/MiKTeX/tex/latex/datetime2-english/datet
ime2-english.ldf
File: datetime2-english.ldf 2019/10/21 v1.05 (NLCT)

(C:/Users/saxon/AppData/Local/Programs/MiKTeX/tex/latex/datetime2-english/datet
ime2-english-base.ldf
File: datetime2-english-base.ldf 2019/10/21 v1.05 (NLCT)
)))
(C:/Users/saxon/AppData/Local/Programs/MiKTeX/tex/latex/tools/tabularx.sty
Package: tabularx 2023/12/11 v2.12a `tabularx' package (DPC)
\TX@col@width=\dimen256
\TX@old@table=\dimen257
\TX@old@col=\dimen258
\TX@target=\dimen259
\TX@delta=\dimen260
\TX@cols=\count337
\TX@ftn=\toks38
)
(C:/Users/saxon/AppData/Local/Programs/MiKTeX/tex/latex/tabularray/tabularray.s
ty
Package: tabularray 2025-03-11 v2025A Typeset tabulars and arrays with LaTeX3

(C:/Users/saxon/AppData/Local/Programs/MiKTeX/tex/latex/ninecolors/ninecolors.s
ty
Package: ninecolors 2022-02-13 v2022D Select colors with proper color contrast
)
\l__tblr_a_int=\count338
\l__tblr_c_int=\count339
\l__tblr_r_int=\count340
\l__tblr_d_dim=\dimen261
\l__tblr_h_dim=\dimen262
\l__tblr_o_dim=\dimen263
\l__tblr_p_dim=\dimen264
\l__tblr_q_dim=\dimen265
\l__tblr_r_dim=\dimen266
\l__tblr_s_dim=\dimen267
\l__tblr_t_dim=\dimen268
\l__tblr_v_dim=\dimen269
\l__tblr_w_dim=\dimen270
\l__tblr_a_box=\box62
\l__tblr_b_box=\box63
\l__tblr_c_box=\box64
\l__tblr_d_box=\box65
\c@tblrcount=\count341
\c@rownum=\count342
\c@colnum=\count343
\c@rowcount=\count344
\c@colcount=\count345
\abovesep=\dimen271
\belowsep=\dimen272
\leftsep=\dimen273
\rightsep=\dimen274
\gTblrLevelInt=\count346
\g__tblr_data_row_key_count_int=\count347
\g__tblr_data_column_key_count_int=\count348
\g__tblr_data_cell_key_count_int=\count349
\g__tblr_array_int=\count350
\l__tblr_key_count_int=\count351
\l__tblr_key_quotient_int=\count352
\l__tblr_key_quotient_two_int=\count353
\l__tblr_key_remainder_int=\count354
\g__tblr_data_str_value_count_int=\count355
\lTblrChildTotalInt=\count356
\lTblrChildHtotalInt=\count357
\lTblrChildVtotalInt=\count358
\l__child_diff_h_int=\count359
\l__child_diff_v_int=\count360
\l__child_sign_h_int=\count361
\l__child_sign_v_int=\count362
\l__child_step_int=\count363
\lTblrDefaultHruleWidthDim=\dimen275
\lTblrDefaultVruleWidthDim=\dimen276
\l__tblr_split_balance_int=\count364
\l__tblr_strut_dp_dim=\dimen277
\l__tblr_strut_ht_dim=\dimen278
\g__tblr_cell_wd_dim=\dimen279
\g__tblr_cell_ht_dim=\dimen280
\g__tblr_cell_head_dim=\dimen281
\g__tblr_cell_foot_dim=\dimen282
\l__tblr_measured_cell_box=\box66
\g__tblr_last_box=\box67
\l__tblr_temp_box=\box68
\l__tblr_column_target_dim=\dimen283
\l__tblr_hfuzz_dim=\dimen284
\l__tblr_caption_box=\box69
\l__tblr_caption_left_box=\box70
\lTblrRowHeadInt=\count365
\lTblrRowFootInt=\count366
\l__tblr_row_head_box=\box71
\l__tblr_row_foot_box=\box72
\l__tblr_row_head_foot_dim=\dimen285
\lTblrTableWidthDim=\dimen286
\l__tblr_table_firsthead_box=\box73
\l__tblr_table_middlehead_box=\box74
\l__tblr_table_lasthead_box=\box75
\l__tblr_table_firstfoot_box=\box76
\l__tblr_table_middlefoot_box=\box77
\l__tblr_table_lastfoot_box=\box78
\l__tblr_remain_height_dim=\dimen287
\l__tblr_long_from_int=\count367
\l__tblr_long_to_int=\count368
\l__tblr_curr_i_int=\count369
\l__tblr_prev_i_int=\count370
\lTblrTablePageInt=\count371
\l__tblr_table_head_box=\box79
\l__tblr_table_foot_box=\box80
\l__tblr_table_head_foot_dim=\dimen288
\l__tblr_table_head_body_foot_dim=\dimen289
\l__tblr_table_box=\box81
\lTblrRowFirstInt=\count372
\lTblrRowLastInt=\count373
\l__tblr_table_hlines_box=\box82
\l__tblr_hline_box=\box83
\l__tblr_row_box=\box84
\l__tblr_col_o_wd_dim=\dimen290
\l__tblr_col_b_wd_dim=\dimen291
\l__tblr_hline_leftskip_dim=\dimen292
\l__tblr_hline_rightskip_dim=\dimen293
\l__tblr_row_ht_dim=\dimen294
\l__tblr_row_dp_dim=\dimen295
\l__tblr_row_abovesep_dim=\dimen296
\l__tblr_row_belowsep_dim=\dimen297
\l__tblr_row_vlines_box=\box85
\l__tblr_vline_box=\box86
\l__tblr_cell_box=\box87
\l__tblr_row_upper_dim=\dimen298
\l__tblr_row_lower_dim=\dimen299
\l__tblr_row_vpace_dim=\dimen300
\l__tblr_vline_aboveskip_dim=\dimen301
\l__tblr_vline_belowskip_dim=\dimen302
\lTblrCellRowSpanInt=\count374
\lTblrCellColSpanInt=\count375
\l__tblr_cell_wd_dim=\dimen303
\l__tblr_cell_ht_dim=\dimen304
\lTblrCellAboveBorderWidthDim=\dimen305
\lTblrCellBelowBorderWidthDim=\dimen306
\lTblrCellLeftBorderWidthDim=\dimen307
\lTblrCellRightBorderWidthDim=\dimen308
\l__tblr_diag_box=\box88
\l__tblr_cell_inner_wd_dim=\dimen309
\l__tblr_cell_inner_dp_dim=\dimen310
\l__tblr_cell_hanchor_dim=\dimen311
\l__tblr_last_cell_table_ht_dim=\dimen312
\l__tblr_last_cell_table_dp_dim=\dimen313
\l__tblr_last_vline_wd_dim=\dimen314
\l__tblr_tikz_node_box=\box89
) (C:/Users/saxon/AppData/Local/Programs/MiKTeX/tex/latex/lipsum/lipsum.sty
Package: lipsum 2021-09-20 v2.7 150 paragraphs of Lorem Ipsum dummy text
\g__lipsum_par_int=\count376
\l__lipsum_a_int=\count377
\l__lipsum_b_int=\count378

(C:/Users/saxon/AppData/Local/Programs/MiKTeX/tex/latex/lipsum/lipsum.ltd.tex)) (C:/Users/saxon/AppData/Local/Programs/MiKTeX/tex/latex/multirow/multirow.sty
Package: multirow 2024/11/12 v2.9 Span multiple rows of a table
\multirow@colwidth=\skip74
\multirow@cntb=\count379
\multirow@dima=\skip75
\bigstrutjot=\dimen315
) (C:/Users/saxon/AppData/Local/Programs/MiKTeX/tex/latex/textpos/textpos.sty
Package: textpos 2022/07/23 v1.10.1
Package textpos Info: choosing support for LaTeX3 on input line 60.
\TP@textbox=\box90
\TP@holdbox=\box91
\TPHorizModule=\dimen316
\TPVertModule=\dimen317
\TP@margin=\dimen318
\TP@absmargin=\dimen319

Grid set 16 x 16 = 26.31879pt x 37.34424pt
\TPboxrulesize=\dimen320
\TP@ox=\dimen321
\TP@oy=\dimen322
\TP@tbargs=\toks39
TextBlockOrigin set to 0pt x 0pt
) (C:/Users/saxon/AppData/Local/Programs/MiKTeX/tex/latex/marvosym/marvosym.sty
Package: marvosym 2011/07/20 v2.2 Martin Vogel's Symbols font definitions
)
Package csquotes Info: Checking for multilingual support...
Package csquotes Info: ... found 'babel' package.
Package csquotes Info: Adjusting default style.
Package csquotes Info: Redefining alias 'default' -> 'english'.


LaTeX Warning: Unused global option(s):
    [pdflatex,fontsize].

(./menu.aux
<Reading QR code for "https://www.theartsyndicate.com.au" at level 3-M from aux
 file.>
)
\openout1 = menu.aux

LaTeX Font Info:    Checking defaults for OML/cmm/m/it on input line 147.
LaTeX Font Info:    ... okay on input line 147.
LaTeX Font Info:    Checking defaults for OMS/cmsy/m/n on input line 147.
LaTeX Font Info:    ... okay on input line 147.
LaTeX Font Info:    Checking defaults for OT1/cmr/m/n on input line 147.
LaTeX Font Info:    ... okay on input line 147.
LaTeX Font Info:    Checking defaults for T1/cmr/m/n on input line 147.
LaTeX Font Info:    ... okay on input line 147.
LaTeX Font Info:    Checking defaults for TS1/cmr/m/n on input line 147.
LaTeX Font Info:    ... okay on input line 147.
LaTeX Font Info:    Checking defaults for TU/lmr/m/n on input line 147.
LaTeX Font Info:    ... okay on input line 147.
LaTeX Font Info:    Checking defaults for OMX/cmex/m/n on input line 147.
LaTeX Font Info:    ... okay on input line 147.
LaTeX Font Info:    Checking defaults for U/cmr/m/n on input line 147.
LaTeX Font Info:    ... okay on input line 147.
LaTeX Font Info:    Checking defaults for PD1/pdf/m/n on input line 147.
LaTeX Font Info:    ... okay on input line 147.
LaTeX Font Info:    Checking defaults for PU/pdf/m/n on input line 147.
LaTeX Font Info:    ... okay on input line 147.
Package csquotes Info: Making character " active on input line 147.

*geometry* driver: auto-detecting
*geometry* detected driver: luatex
*geometry* verbose mode - [ preamble ] result:
* driver: luatex
* paper: a5paper
* layout: <same size as paper>
* layoutoffset:(h,v)=(0.0pt,0.0pt)
* bindingoffset: 22.76219pt
* modes: twoside asymmetric 
* h-part:(L,W,R)=(22.7622pt, 341.43306pt, 34.14333pt)
* v-part:(T,H,B)=(34.1433pt, 517.84018pt, 45.5244pt)
* \paperwidth=421.10078pt
* \paperheight=597.50787pt
* \textwidth=341.43306pt
* \textheight=517.84018pt
* \oddsidemargin=-26.74559pt
* \evensidemargin=-49.50778pt
* \topmargin=-38.1267pt
* \headheight=0.0pt
* \headsep=0.0pt
* \topskip=10.0pt
* \footskip=30.0pt
* \marginparwidth=0.0pt
* \marginparsep=0.0pt
* \columnsep=10.0pt
* \skip\footins=9.0pt plus 4.0pt minus 2.0pt
* \hoffset=0.0pt
* \voffset=0.0pt
* \mag=1000
* \@twocolumnfalse
* \@twosidetrue
* \@mparswitchfalse
* \@reversemarginfalse
* (1in=72.27pt=25.4mm, 1cm=28.453pt)


(C:/Users/saxon/AppData/Local/Programs/MiKTeX/tex/context/base/mkii/supp-pdf.mk
ii
[Loading MPS to PDF converter (version 2006.09.02).]
\scratchcounter=\count380
\scratchdimen=\dimen323
\scratchbox=\box92
\nofMPsegments=\count381
\nofMParguments=\count382
\everyMPshowfont=\toks40
\MPscratchCnt=\count383
\MPscratchDim=\dimen324
\MPnumerator=\count384
\makeMPintoPDFobject=\count385
\everyMPtoPDFconversion=\toks41
)
(C:/Users/saxon/AppData/Local/Programs/MiKTeX/tex/latex/epstopdf-pkg/epstopdf-b
ase.sty
Package: epstopdf-base 2020-01-24 v2.11 Base part for package epstopdf
Package epstopdf-base Info: Redefining graphics rule for `.eps' on input line 4
85.

(C:/Users/saxon/AppData/Local/Programs/MiKTeX/tex/latex/00miktex/epstopdf-sys.c
fg
File: epstopdf-sys.cfg 2021/03/18 v2.0 Configuration of epstopdf for MiKTeX
))

Package hyperref Warning: Draft mode on.

Package hyperref Info: Link coloring ON on input line 147.
<Art Syndicate_LOGO_v2_FINAL.png, id=4, 882.1758pt x 882.1758pt>
File: Art Syndicate_LOGO_v2_FINAL.png Graphic file (type png)
<use Art Syndicate_LOGO_v2_FINAL.png>
Package luatex.def Info: Art Syndicate_LOGO_v2_FINAL.png  used on input line 15
2.
(luatex.def)             Requested size: 341.43306pt x 341.43576pt.


! I can't write on file `menu.pdf'.
Please type another file name for output: 
[1

{C:/Users/saxon/AppData/Local/MiKTeX/fonts/map/pdftex/pdftex.map}<./Art Syndicat
e_LOGO_v2_FINAL.png>]
LaTeX Font Info:    Trying to load font information for OT1+lmr on input line 1
58.

(C:/Users/saxon/AppData/Local/Programs/MiKTeX/tex/latex/lm/ot1lmr.fd
File: ot1lmr.fd 2015/05/01 v1.6.1 Font defs for Latin Modern
)
LaTeX Font Info:    Trying to load font information for OML+lmm on input line 1
58.

(C:/Users/saxon/AppData/Local/Programs/MiKTeX/tex/latex/lm/omllmm.fd
File: omllmm.fd 2015/05/01 v1.6.1 Font defs for Latin Modern
)
LaTeX Font Info:    Trying to load font information for OMS+lmsy on input line 
158.

(C:/Users/saxon/AppData/Local/Programs/MiKTeX/tex/latex/lm/omslmsy.fd
File: omslmsy.fd 2015/05/01 v1.6.1 Font defs for Latin Modern
)
LaTeX Font Info:    Trying to load font information for OMX+lmex on input line 
158.

(C:/Users/saxon/AppData/Local/Programs/MiKTeX/tex/latex/lm/omxlmex.fd
File: omxlmex.fd 2015/05/01 v1.6.1 Font defs for Latin Modern
)
LaTeX Font Info:    External font `lmex10' loaded for size
(Font)              <10> on input line 158.
LaTeX Font Info:    External font `lmex10' loaded for size
(Font)              <7> on input line 158.
LaTeX Font Info:    External font `lmex10' loaded for size
(Font)              <5> on input line 158.

Overfull \hbox (12.0pt too wide) in paragraph at lines 158--162
[][] 
 []


Underfull \hbox (badness 10000) in paragraph at lines 174--177

 []


Underfull \hbox (badness 10000) in paragraph at lines 174--177

 []


Underfull \hbox (badness 10000) in paragraph at lines 174--177

 []


Underfull \hbox (badness 10000) in paragraph at lines 174--177

 []


Underfull \hbox (badness 10000) in paragraph at lines 174--177

 []


Underfull \hbox (badness 10000) in paragraph at lines 174--177

 []


Underfull \hbox (badness 10000) in paragraph at lines 174--177

 []


Underfull \hbox (badness 10000) in paragraph at lines 174--177

 []


Underfull \hbox (badness 10000) in paragraph at lines 174--177

 []


Underfull \hbox (badness 10000) in paragraph at lines 174--177

 []



[2]
<Wine Map.png, id=16, 341.33353pt x 296.66519pt>
File: Wine Map.png Graphic file (type png)
<use Wine Map.png>
Package luatex.def Info: Wine Map.png  used on input line 181.
(luatex.def)             Requested size: 341.43306pt x 296.76857pt.

Underfull \hbox (badness 10000) in paragraph at lines 181--187

 []


Underfull \hbox (badness 10000) in paragraph at lines 181--187

 []



[3<./Wine Map.png>] (./wine_tables.tex

! Package tabularray Error: Unknown outer key name 'cell-sep'.

Type <return> to continue.
 ...                                              
                                                  
l.30     \end
             {longtblr}
? 
! Undefined control sequence.
\TblrAlignBoth code ->\justifying 
                                  
l.30     \end
             {longtblr}
? 
! Undefined control sequence.
\TblrAlignBoth code ->\justifying 
                                  
l.30     \end
             {longtblr}
? 
! Undefined control sequence.
\TblrAlignBoth code ->\justifying 
                                  
l.30     \end
             {longtblr}
? 

Package tabularray Warning: Table width is too small, need 24.39613pt more!

! Undefined control sequence.
\TblrAlignBoth code ->\justifying 
                                  
l.30     \end
             {longtblr}
? 
! Undefined control sequence.
\TblrAlignBoth code ->\justifying 
                                  
l.30     \end
             {longtblr}
? 
! Undefined control sequence.
\TblrAlignBoth code ->\justifying 
                                  
l.30     \end
             {longtblr}
? 
! Undefined control sequence.
\TblrAlignBoth code ->\justifying 
                                  
l.30     \end
             {longtblr}
? 
! Undefined control sequence.
\TblrAlignBoth code ->\justifying 
                                  
l.30     \end
             {longtblr}
? 
! Undefined control sequence.
\TblrAlignBoth code ->\justifying 
                                  
l.30     \end
             {longtblr}
? 

Overfull \hbox (24.39613pt too wide) detected at line 30
 [] 
 []


Underfull \vbox (badness 10000) has occurred while \output is active []



[4]

! Package tabularray Error: Unknown outer key name 'cell-sep'.

Type <return> to continue.
 ...                                              
                                                  
l.84     \end
             {longtblr}
? 
! Undefined control sequence.
\TblrAlignBoth code ->\justifying 
                                  
l.84     \end
             {longtblr}
? 
! Undefined control sequence.
\TblrAlignBoth code ->\justifying 
                                  
l.84     \end
             {longtblr}
? 
! Undefined control sequence.
\TblrAlignBoth code ->\justifying 
                                  
l.84     \end
             {longtblr}
? 
! Undefined control sequence.
\TblrAlignBoth code ->\justifying 
                                  
l.84     \end
             {longtblr}
? 
! Undefined control sequence.
\TblrAlignBoth code ->\justifying 
                                  
l.84     \end
             {longtblr}
? 
! Undefined control sequence.
\TblrAlignBoth code ->\justifying 
                                  
l.84     \end
             {longtblr}
? 
! Undefined control sequence.
\TblrAlignBoth code ->\justifying 
                                  
l.84     \end
             {longtblr}
? 
! Undefined control sequence.
\TblrAlignBoth code ->\justifying 
                                  
l.84     \end
             {longtblr}
? 
! Undefined control sequence.
\TblrAlignBoth code ->\justifying 
                                  
l.84     \end
             {longtblr}
? 
! Undefined control sequence.
\TblrAlignBoth code ->\justifying 
                                  
l.84     \end
             {longtblr}
? 
! Undefined control sequence.
\TblrAlignBoth code ->\justifying 
                                  
l.84     \end
             {longtblr}
? 
! Undefined control sequence.
\TblrAlignBoth code ->\justifying 
                                  
l.84     \end
             {longtblr}
? 
! Undefined control sequence.
\TblrAlignBoth code ->\justifying 
                                  
l.84     \end
             {longtblr}
? 
! Undefined control sequence.
\TblrAlignBoth code ->\justifying 
                                  
l.84     \end
             {longtblr}
? 
! Undefined control sequence.
\TblrAlignBoth code ->\justifying 
                                  
l.84     \end
             {longtblr}
? 
! Undefined control sequence.
\TblrAlignBoth code ->\justifying 
                                  
l.84     \end
             {longtblr}
? 
! Undefined control sequence.
\TblrAlignBoth code ->\justifying 
                                  
l.84     \end
             {longtblr}
? 
! Undefined control sequence.
\TblrAlignBoth code ->\justifying 
                                  
l.84     \end
             {longtblr}
? 

Overfull \hbox (12.0pt too wide) detected at line 84
 [] 
 []



[5]
! Undefined control sequence.
\TblrAlignBoth code ->\justifying 
                                  
l.84     \end
             {longtblr}
? 
! Undefined control sequence.
\TblrAlignBoth code ->\justifying 
                                  
l.84     \end
             {longtblr}
? 
! Undefined control sequence.
\TblrAlignBoth code ->\justifying 
                                  
l.84     \end
             {longtblr}
? 

Overfull \hbox (12.0pt too wide) detected at line 84
 [] 
 []


Underfull \vbox (badness 10000) has occurred while \output is active []



[6]

! Package tabularray Error: Unknown outer key name 'cell-sep'.

Type <return> to continue.
 ...                                              
                                                  
l.107 \end
          {longtblr}
? 
! Undefined control sequence.
\TblrAlignBoth code ->\justifying 
                                  
l.107 \end
          {longtblr}
? 

Package tabularray Warning: Table width is too small, need 7.00645pt more!

! Undefined control sequence.
\TblrAlignBoth code ->\justifying 
                                  
l.107 \end
          {longtblr}
? 
! Undefined control sequence.
\TblrAlignBoth code ->\justifying 
                                  
l.107 \end
          {longtblr}
? 

Overfull \hbox (12.0pt too wide) detected at line 107
 [] 
 []


! Package tabularray Error: Unknown outer key name 'cell-sep'.

Type <return> to continue.
 ...                                              
                                                  
l.135 \end
          {longtblr}
? 
! Undefined control sequence.
\TblrAlignBoth code ->\justifying 
                                  
l.135 \end
          {longtblr}
? 
! Undefined control sequence.
\TblrAlignBoth code ->\justifying 
                                  
l.135 \end
          {longtblr}
? 
! Undefined control sequence.
\TblrAlignBoth code ->\justifying 
                                  
l.135 \end
          {longtblr}
? 
! Undefined control sequence.
\TblrAlignBoth code ->\justifying 
                                  
l.135 \end
          {longtblr}
? 
! Undefined control sequence.
\TblrAlignBoth code ->\justifying 
                                  
l.135 \end
          {longtblr}
? 
! Undefined control sequence.
\TblrAlignBoth code ->\justifying 
                                  
l.135 \end
          {longtblr}
? 

Overfull \hbox (12.0pt too wide) detected at line 135
 [] 
 []


! Package tabularray Error: Unknown outer key name 'cell-sep'.

Type <return> to continue.
 ...                                              
                                                  
l.191 \end
          {longtblr}
? 
! Undefined control sequence.
\TblrAlignBoth code ->\justifying 
                                  
l.191 \end
          {longtblr}
? 
! Undefined control sequence.
\TblrAlignBoth code ->\justifying 
                                  
l.191 \end
          {longtblr}
? 
! Undefined control sequence.
\TblrAlignBoth code ->\justifying 
                                  
l.191 \end
          {longtblr}
? 
! Undefined control sequence.
\TblrAlignBoth code ->\justifying 
                                  
l.191 \end
          {longtblr}
? 
! Undefined control sequence.
\TblrAlignBoth code ->\justifying 
                                  
l.191 \end
          {longtblr}
? 
! Undefined control sequence.
\TblrAlignBoth code ->\justifying 
                                  
l.191 \end
          {longtblr}
? 
! Undefined control sequence.
\TblrAlignBoth code ->\justifying 
                                  
l.191 \end
          {longtblr}
? 
! Undefined control sequence.
\TblrAlignBoth code ->\justifying 
                                  
l.191 \end
          {longtblr}
? 
! Undefined control sequence.
\TblrAlignBoth code ->\justifying 
                                  
l.191 \end
          {longtblr}
? 
! Undefined control sequence.
\TblrAlignBoth code ->\justifying 
                                  
l.191 \end
          {longtblr}
? 
! Undefined control sequence.
\TblrAlignBoth code ->\justifying 
                                  
l.191 \end
          {longtblr}
? 
! Undefined control sequence.
\TblrAlignBoth code ->\justifying 
                                  
l.191 \end
          {longtblr}
? 
! Undefined control sequence.
\TblrAlignBoth code ->\justifying 
                                  
l.191 \end
          {longtblr}
? 
! Undefined control sequence.
\TblrAlignBoth code ->\justifying 
                                  
l.191 \end
          {longtblr}
? 

Underfull \vbox (badness 10000) has occurred while \output is active []



[7]
! Undefined control sequence.
\TblrAlignBoth code ->\justifying 
                                  
l.191 \end
          {longtblr}
? 
! Undefined control sequence.
\TblrAlignBoth code ->\justifying 
                                  
l.191 \end
          {longtblr}
? 
! Undefined control sequence.
\TblrAlignBoth code ->\justifying 
                                  
l.191 \end
          {longtblr}
? 
! Undefined control sequence.
\TblrAlignBoth code ->\justifying 
                                  
l.191 \end
          {longtblr}
? 

Overfull \hbox (12.0pt too wide) detected at line 191
 [] 
 []



[8]
! Undefined control sequence.
\TblrAlignBoth code ->\justifying 
                                  
l.191 \end
          {longtblr}
? 
! Undefined control sequence.
\TblrAlignBoth code ->\justifying 
                                  
l.191 \end
          {longtblr}
? 
! Undefined control sequence.
\TblrAlignBoth code ->\justifying 
                                  
l.191 \end
          {longtblr}
? 

Overfull \hbox (12.0pt too wide) detected at line 191
 [] 
 []


! Package tabularray Error: Unknown outer key name 'cell-sep'.

Type <return> to continue.
 ...                                              
                                                  
l.213 \end
          {longtblr}
? 
! Undefined control sequence.
\TblrAlignBoth code ->\justifying 
                                  
l.213 \end
          {longtblr}
? 
! Undefined control sequence.
\TblrAlignBoth code ->\justifying 
                                  
l.213 \end
          {longtblr}
? 

Underfull \vbox (badness 10000) has occurred while \output is active []



[9]
! Undefined control sequence.
\TblrAlignBoth code ->\justifying 
                                  
l.213 \end
          {longtblr}
? 

Overfull \hbox (12.0pt too wide) detected at line 213
 [] 
 []


! Package tabularray Error: Unknown outer key name 'cell-sep'.

Type <return> to continue.
 ...                                              
                                                  
l.236     \end
              {longtblr}
? 
! Undefined control sequence.
\TblrAlignBoth code ->\justifying 
                                  
l.236     \end
              {longtblr}
? 
! Undefined control sequence.
\TblrAlignBoth code ->\justifying 
                                  
l.236     \end
              {longtblr}
? 
! Undefined control sequence.
\TblrAlignBoth code ->\justifying 
                                  
l.236     \end
              {longtblr}
? 

Overfull \hbox (12.0pt too wide) detected at line 236
 [] 
 []

)
Underfull \vbox (badness 10000) has occurred while \output is active []



[10] (./beer_cider_table.tex
Overfull \hbox (12.0pt too wide) detected at line 38
 [] 
 []

)

[11] (./cocktails_table.tex

Package tabularray Warning: Table width is too small, need 10.8022pt more!


Overfull \hbox (12.0pt too wide) detected at line 50
 [] 
 []

)

[12] (./spirits_tables.tex
Overfull \hbox (12.0pt too wide) detected at line 32
 [] 
 []


Package tabularray Warning: Table width is too small, need 4.88577pt more!


Overfull \hbox (12.0pt too wide) detected at line 62
 [] 
 []



[13]

Package tabularray Warning: Table width is too small, need 22.73344pt more!


Overfull \hbox (22.73344pt too wide) detected at line 104
 [] 
 []


Overfull \hbox (12.0pt too wide) detected at line 128
 [] 
 []



[14]
Overfull \hbox (12.0pt too wide) detected at line 155
 [] 
 []

) (./more_spirits_table.tex
Overfull \hbox (12.0pt too wide) detected at line 38
 [] 
 []

)

[15] (./non_alcoholic_table.tex

Package tabularray Warning: Table width is too small, need 6.8159pt more!


Overfull \hbox (12.0pt too wide) detected at line 51
 [] 
 []

)

[16] (./food_table.tex

Package tabularray Warning: Table width is too small, need 4.39655pt more!


Overfull \hbox (12.0pt too wide) detected at line 28
 [] 
 []

)

[17]
Underfull \hbox (badness 10000) in paragraph at lines 227--229

 []


Underfull \hbox (badness 10000) in paragraph at lines 227--229

 []




<QR code requested for "https://www.theartsyndicate.com.au" in version 0-M.>

<Copying the QR code for "https://www.theartsyndicate.com.au" in version 3-M as
 previously calculated.>
LaTeX Font Info:    Trying to load font information for T1+lmtt on input line 2
32.
(C:/Users/saxon/AppData/Local/Programs/MiKTeX/tex/latex/lm/t1lmtt.fd
File: t1lmtt.fd 2015/05/01 v1.6.1 Font defs for Latin Modern
)
LaTeX Font Info:    External font `lmex10' loaded for size
(Font)              <8> on input line 237.
LaTeX Font Info:    External font `lmex10' loaded for size
(Font)              <6> on input line 237.


[18] (./menu.aux
<Reading QR code for "https://www.theartsyndicate.com.au" at level 3-M from aux
 file.>
)
 ***********
LaTeX2e <2024-11-01> patch level 2
L3 programming layer <2025-01-18>
 ***********
)

Here is how much of LuaTeX's memory you used:
 32016 strings out of 475506
 125189,1373583 words of node,token memory allocated
 468 words of node memory still in use:
   3 hlist, 1 vlist, 1 rule, 2 glue, 3 kern, 1 glyph, 10 attribute, 56 glue_spec
, 6 attribute_list, 3 write nodes
   avail lists: 1:2,2:5624,3:237,4:165,5:290,6:177,7:7157,8:26,9:3646,10:16,11:3
13
 54357 multiletter control sequences out of 65536+600000
 43 fonts using 2971511 bytes
 87i,11n,104p,926b,2915s stack positions out of 10000i,1000n,20000p,200000b,200000s
<C:/Users/saxon/AppData/Local/Programs/MiKTeX/fonts/opentype/public/fontawesome5
/FontAwesome5Brands-Regular-400.otf><C:/Users/saxon/AppData/Local/Programs/MiKTe
X/fonts/opentype/public/fontawesome5/FontAwesome5Free-Solid-900.otf>{C:/Users/sa
xon/AppData/Local/Programs/MiKTeX/fonts/enc/dvips/lm/lm-mathsy.enc}{C:/Users/sax
on/AppData/Local/Programs/MiKTeX/fonts/enc/dvips/lm/lm-ec.enc}{C:/Users/saxon/Ap
pData/Local/Programs/MiKTeX/fonts/enc/dvips/lm/lm-ts1.enc}{C:/Users/saxon/AppDat
a/Local/Programs/MiKTeX/fonts/enc/dvips/lm/lm-rm.enc}<C:/Users/saxon/AppData/Loc
al/Programs/MiKTeX/fonts/type1/public/lm/lmr10.pfb><C:/Users/saxon/AppData/Local
/Programs/MiKTeX/fonts/type1/public/lm/lmr17.pfb><C:/Users/saxon/AppData/Local/P
rograms/MiKTeX/fonts/type1/public/lm/lmr7.pfb><C:/Users/saxon/AppData/Local/Prog
rams/MiKTeX/fonts/type1/public/lm/lmr8.pfb><C:/Users/saxon/AppData/Local/Program
s/MiKTeX/fonts/type1/public/lm/lmsy8.pfb><C:/Users/saxon/AppData/Local/Programs/
MiKTeX/fonts/type1/public/lm/lmtt10.pfb><C:/Users/saxon/AppData/Local/Programs/M
iKTeX/fonts/type1/public/lm/lmtt8.pfb>
Output written on menu.pdf (18 pages, 643760 bytes).

PDF statistics: 114 PDF objects out of 1000 (max. 8388607)
 0 named destinations out of 1000 (max. 131072)
 16 words of extra memory for PDF output out of 10000 (max. 100000000)

